Microsoft HTML Help Compiler 4.74.8702

Compiling g:\New Folder\Dynamic Components Help\Dynamic Components  v1.0.chm


Compile time: 0 minutes, 8 seconds
100	Topics
155	Local links
3	Internet links
13	Graphics


Created g:\New Folder\Dynamic Components Help\Dynamic Components  v1.0.chm, 684,948 bytes
Compression decreased file by 199,536 bytes.
Microsoft HTML Help Compiler 4.74.8702

Compiling g:\New Folder\Dynamic Components Help\Dynamic Components  v1.0.chm


Compile time: 0 minutes, 9 seconds
107	Topics
163	Local links
3	Internet links
15	Graphics


Created g:\New Folder\Dynamic Components Help\Dynamic Components  v1.0.chm, 756,908 bytes
Compression decreased file by 212,563 bytes.
Microsoft HTML Help Compiler 4.74.8702

Compiling g:\New Folder\Dynamic Components Help\Dynamic Components  v1.0.chm


Compile time: 0 minutes, 9 seconds
115	Topics
172	Local links
3	Internet links
15	Graphics


Created g:\New Folder\Dynamic Components Help\Dynamic Components  v1.0.chm, 756,528 bytes
Compression decreased file by 225,113 bytes.
Microsoft HTML Help Compiler 4.74.8702

Compiling g:\New Folder\Dynamic Components Help\Dynamic Components  v1.0.chm


Compile time: 0 minutes, 10 seconds
124	Topics
184	Local links
3	Internet links
17	Graphics


Created g:\New Folder\Dynamic Components Help\Dynamic Components  v1.0.chm, 778,378 bytes
Compression decreased file by 241,354 bytes.
