Microsoft HTML Help Compiler 4.74.8702

Compiling g:\New Folder\Dynamic Components Help\Dynamic Components  v1.0.chm


Compile time: 0 minutes, 3 seconds
40	Topics
44	Local links
3	Internet links
2	Graphics


Created g:\New Folder\Dynamic Components Help\Dynamic Components  v1.0.chm, 54,576 bytes
Compression decreased file by 12,254 bytes.
Microsoft HTML Help Compiler 4.74.8702

Compiling g:\New Folder\Dynamic Components Help\Dynamic Components  v1.0.chm


Compile time: 0 minutes, 3 seconds
45	Topics
52	Local links
3	Internet links
2	Graphics


Created g:\New Folder\Dynamic Components Help\Dynamic Components  v1.0.chm, 54,890 bytes
Compression decreased file by 22,855 bytes.
Microsoft HTML Help Compiler 4.74.8702

Compiling g:\New Folder\Dynamic Components Help\Dynamic Components  v1.0.chm

HHC5013: Error: URL reference in the TOC cannot be resolved: "Tutorial.htm".


The following files were not compiled:
Microsoft HTML Help Compiler 4.74.8702

Compiling g:\New Folder\Dynamic Components Help\Dynamic Components  v1.0.chm

HHC5013: Error: URL reference in the TOC cannot be resolved: "Tutorial.htm".


The following files were not compiled:
